\BOOKMARK [1][-]{section.1}{\376\377\000E\000x\000e\000c\000u\000t\000i\000v\000e\000\040\000S\000u\000m\000m\000a\000r\000y}{}% 1
\BOOKMARK [2][-]{subsection.1.1}{\376\377\000S\000p\000r\000i\000n\000t\000\040\000O\000v\000e\000r\000v\000i\000e\000w}{section.1}% 2
\BOOKMARK [2][-]{subsection.1.2}{\376\377\000K\000e\000y\000\040\000R\000e\000s\000u\000l\000t\000s\000\040\000S\000u\000m\000m\000a\000r\000y}{section.1}% 3
\BOOKMARK [2][-]{subsection.1.3}{\376\377\000B\000r\000e\000a\000k\000t\000h\000r\000o\000u\000g\000h\000\040\000A\000c\000h\000i\000e\000v\000e\000m\000e\000n\000t}{section.1}% 4
\BOOKMARK [2][-]{subsection.1.4}{\376\377\000C\000r\000i\000t\000i\000c\000a\000l\000\040\000F\000i\000n\000d\000i\000n\000g\000s}{section.1}% 5
\BOOKMARK [2][-]{subsection.1.5}{\376\377\000D\000e\000l\000i\000v\000e\000r\000a\000b\000l\000e\000s\000\040\000S\000t\000a\000t\000u\000s}{section.1}% 6
\BOOKMARK [1][-]{section.2}{\376\377\000S\000p\000r\000i\000n\000t\000\040\0003\000:\000\040\000F\000e\000a\000t\000u\000r\000e\000\040\000E\000n\000g\000i\000n\000e\000e\000r\000i\000n\000g\000\040\000\046\000\040\000I\000n\000t\000e\000g\000r\000a\000t\000i\000o\000n}{}% 7
\BOOKMARK [2][-]{subsection.2.1}{\376\377\000W\000o\000r\000k\000\040\000P\000a\000c\000k\000a\000g\000e\000\040\0001\000:\000\040\000G\000e\000o\000m\000e\000t\000r\000i\000c\000\040\000F\000e\000a\000t\000u\000r\000e\000s}{section.2}% 8
\BOOKMARK [3][-]{subsubsection.2.1.1}{\376\377\000S\000h\000a\000d\000o\000w\000-\000B\000a\000s\000e\000d\000\040\000C\000B\000H\000\040\000D\000e\000r\000i\000v\000a\000t\000i\000o\000n}{subsection.2.1}% 9
\BOOKMARK [2][-]{subsection.2.2}{\376\377\000W\000o\000r\000k\000\040\000P\000a\000c\000k\000a\000g\000e\000\040\0002\000:\000\040\000A\000t\000m\000o\000s\000p\000h\000e\000r\000i\000c\000\040\000F\000e\000a\000t\000u\000r\000e\000s}{section.2}% 10
\BOOKMARK [3][-]{subsubsection.2.2.1}{\376\377\000E\000R\000A\0005\000\040\000R\000e\000a\000n\000a\000l\000y\000s\000i\000s\000\040\000I\000n\000t\000e\000g\000r\000a\000t\000i\000o\000n}{subsection.2.2}% 11
\BOOKMARK [2][-]{subsection.2.3}{\376\377\000W\000o\000r\000k\000\040\000P\000a\000c\000k\000a\000g\000e\000\040\0003\000:\000\040\000P\000h\000y\000s\000i\000c\000a\000l\000\040\000B\000a\000s\000e\000l\000i\000n\000e\000\040\000M\000o\000d\000e\000l}{section.2}% 12
\BOOKMARK [3][-]{subsubsection.2.3.1}{\376\377\000M\000o\000d\000e\000l\000\040\000A\000r\000c\000h\000i\000t\000e\000c\000t\000u\000r\000e}{subsection.2.3}% 13
\BOOKMARK [3][-]{subsubsection.2.3.2}{\376\377\000V\000a\000l\000i\000d\000a\000t\000i\000o\000n\000\040\000P\000r\000o\000t\000o\000c\000o\000l}{subsection.2.3}% 14
\BOOKMARK [3][-]{subsubsection.2.3.3}{\376\377\000R\000e\000s\000u\000l\000t\000s}{subsection.2.3}% 15
\BOOKMARK [2][-]{subsection.2.4}{\376\377\000D\000e\000l\000i\000v\000e\000r\000a\000b\000l\000e\000\040\0007\000.\0003\000a\000:\000\040\000I\000n\000t\000e\000g\000r\000a\000t\000e\000d\000\040\000F\000e\000a\000t\000u\000r\000e\000\040\000S\000t\000o\000r\000e}{section.2}% 16
\BOOKMARK [2][-]{subsection.2.5}{\376\377\000D\000e\000l\000i\000v\000e\000r\000a\000b\000l\000e\000\040\0007\000.\0003\000b\000:\000\040\000F\000e\000a\000t\000u\000r\000e\000\040\000I\000m\000p\000o\000r\000t\000a\000n\000c\000e\000\040\000A\000n\000a\000l\000y\000s\000i\000s}{section.2}% 17
\BOOKMARK [2][-]{subsection.2.6}{\376\377\000D\000e\000l\000i\000v\000e\000r\000a\000b\000l\000e\000\040\0007\000.\0003\000c\000:\000\040\000V\000a\000l\000i\000d\000a\000t\000i\000o\000n\000\040\000S\000u\000m\000m\000a\000r\000y}{section.2}% 18
\BOOKMARK [1][-]{section.3}{\376\377\000S\000p\000r\000i\000n\000t\000\040\0004\000:\000\040\000H\000y\000b\000r\000i\000d\000\040\000M\000o\000d\000e\000l\000\040\000D\000e\000v\000e\000l\000o\000p\000m\000e\000n\000t}{}% 19
\BOOKMARK [2][-]{subsection.3.1}{\376\377\000M\000o\000t\000i\000v\000a\000t\000i\000o\000n}{section.3}% 20
\BOOKMARK [2][-]{subsection.3.2}{\376\377\000W\000o\000r\000k\000\040\000P\000a\000c\000k\000a\000g\000e\000\040\0004\000:\000\040\000C\000N\000N\000\040\000A\000r\000c\000h\000i\000t\000e\000c\000t\000u\000r\000e\000\040\000D\000e\000v\000e\000l\000o\000p\000m\000e\000n\000t}{section.3}% 21
\BOOKMARK [3][-]{subsubsection.3.2.1}{\376\377\000M\000o\000d\000e\000l\000\040\0001\000:\000\040\000I\000m\000a\000g\000e\000-\000O\000n\000l\000y\000\040\000B\000a\000s\000e\000l\000i\000n\000e\000\040\000C\000N\000N}{subsection.3.2}% 22
\BOOKMARK [3][-]{subsubsection.3.2.2}{\376\377\000M\000o\000d\000e\000l\000\040\0002\000:\000\040\000C\000o\000n\000c\000a\000t\000e\000n\000a\000t\000i\000o\000n\000\040\000F\000u\000s\000i\000o\000n}{subsection.3.2}% 23
\BOOKMARK [3][-]{subsubsection.3.2.3}{\376\377\000M\000o\000d\000e\000l\000\040\0003\000:\000\040\000A\000t\000t\000e\000n\000t\000i\000o\000n\000\040\000F\000u\000s\000i\000o\000n}{subsection.3.2}% 24
\BOOKMARK [2][-]{subsection.3.3}{\376\377\000D\000e\000l\000i\000v\000e\000r\000a\000b\000l\000e\000\040\0007\000.\0004\000d\000:\000\040\000A\000b\000l\000a\000t\000i\000o\000n\000\040\000S\000t\000u\000d\000y}{section.3}% 25
\BOOKMARK [1][-]{section.4}{\376\377\000S\000p\000r\000i\000n\000t\000\040\0005\000:\000\040\000A\000d\000v\000a\000n\000c\000e\000d\000\040\000D\000e\000e\000p\000\040\000L\000e\000a\000r\000n\000i\000n\000g}{}% 26
\BOOKMARK [2][-]{subsection.4.1}{\376\377\000O\000v\000e\000r\000v\000i\000e\000w}{section.4}% 27
\BOOKMARK [2][-]{subsection.4.2}{\376\377\000W\000o\000r\000k\000\040\000P\000a\000c\000k\000a\000g\000e\000\040\0001\000:\000\040\000P\000r\000e\000-\000T\000r\000a\000i\000n\000e\000d\000\040\000B\000a\000c\000k\000b\000o\000n\000e\000s}{section.4}% 28
\BOOKMARK [3][-]{subsubsection.4.2.1}{\376\377\000M\000o\000d\000e\000l\000:\000\040\000R\000e\000s\000N\000e\000t\000-\0005\0000\000\040\000B\000a\000s\000e\000l\000i\000n\000e}{subsection.4.2}% 29
\BOOKMARK [3][-]{subsubsection.4.2.2}{\376\377\000M\000o\000d\000e\000l\000:\000\040\000V\000i\000T\000-\000T\000i\000n\000y\000\040\000B\000a\000s\000e\000l\000i\000n\000e}{subsection.4.2}% 30
\BOOKMARK [2][-]{subsection.4.3}{\376\377\000W\000o\000r\000k\000\040\000P\000a\000c\000k\000a\000g\000e\000\040\0002\000:\000\040\000T\000e\000m\000p\000o\000r\000a\000l\000\040\000M\000o\000d\000e\000l\000i\000n\000g}{section.4}% 31
\BOOKMARK [3][-]{subsubsection.4.3.1}{\376\377\000T\000a\000s\000k\000\040\0002\000.\0001\000:\000\040\000M\000u\000l\000t\000i\000-\000F\000r\000a\000m\000e\000\040\000T\000e\000m\000p\000o\000r\000a\000l\000\040\000V\000i\000T}{subsection.4.3}% 32
\BOOKMARK [3][-]{subsubsection.4.3.2}{\376\377\000T\000a\000s\000k\000\040\0002\000.\0002\000:\000\040\000P\000h\000y\000s\000i\000c\000s\000-\000I\000n\000f\000o\000r\000m\000e\000d\000\040\000T\000e\000m\000p\000o\000r\000a\000l\000\040\000C\000o\000n\000s\000i\000s\000t\000e\000n\000c\000y\000\040\000L\000o\000s\000s}{subsection.4.3}% 33
\BOOKMARK [2][-]{subsection.4.4}{\376\377\000W\000o\000r\000k\000\040\000P\000a\000c\000k\000a\000g\000e\000\040\0003\000:\000\040\000A\000d\000v\000a\000n\000c\000e\000d\000\040\000F\000u\000s\000i\000o\000n\000\040\000\050\000F\000i\000L\000M\000\051}{section.4}% 34
\BOOKMARK [3][-]{subsubsection.4.4.1}{\376\377\000T\000a\000s\000k\000\040\0003\000.\0001\000:\000\040\000F\000e\000a\000t\000u\000r\000e\000-\000w\000i\000s\000e\000\040\000L\000i\000n\000e\000a\000r\000\040\000M\000o\000d\000u\000l\000a\000t\000i\000o\000n}{subsection.4.4}% 35
\BOOKMARK [2][-]{subsection.4.5}{\376\377\000S\000p\000r\000i\000n\000t\000\040\0005\000\040\000S\000u\000m\000m\000a\000r\000y}{section.4}% 36
\BOOKMARK [1][-]{section.5}{\376\377\000C\000r\000o\000s\000s\000-\000S\000p\000r\000i\000n\000t\000\040\000A\000n\000a\000l\000y\000s\000i\000s}{}% 37
\BOOKMARK [2][-]{subsection.5.1}{\376\377\000P\000e\000r\000f\000o\000r\000m\000a\000n\000c\000e\000\040\000E\000v\000o\000l\000u\000t\000i\000o\000n}{section.5}% 38
\BOOKMARK [2][-]{subsection.5.2}{\376\377\000F\000e\000a\000t\000u\000r\000e\000\040\000I\000m\000p\000o\000r\000t\000a\000n\000c\000e\000:\000\040\000P\000h\000y\000s\000i\000c\000a\000l\000\040\000v\000s\000.\000\040\000L\000e\000a\000r\000n\000e\000d}{section.5}% 39
\BOOKMARK [2][-]{subsection.5.3}{\376\377\000C\000o\000m\000p\000u\000t\000a\000t\000i\000o\000n\000a\000l\000\040\000R\000e\000q\000u\000i\000r\000e\000m\000e\000n\000t\000s}{section.5}% 40
\BOOKMARK [2][-]{subsection.5.4}{\376\377\000V\000a\000l\000i\000d\000a\000t\000i\000o\000n\000\040\000P\000r\000o\000t\000o\000c\000o\000l\000\040\000R\000o\000b\000u\000s\000t\000n\000e\000s\000s}{section.5}% 41
\BOOKMARK [1][-]{section.6}{\376\377\000D\000a\000t\000a\000\040\000Q\000u\000a\000l\000i\000t\000y\000\040\000V\000e\000r\000i\000f\000i\000c\000a\000t\000i\000o\000n}{}% 42
\BOOKMARK [2][-]{subsection.6.1}{\376\377\000C\000o\000m\000p\000l\000e\000t\000e\000\040\000D\000a\000t\000a\000\040\000P\000r\000o\000v\000e\000n\000a\000n\000c\000e}{section.6}% 43
\BOOKMARK [2][-]{subsection.6.2}{\376\377\000E\000R\000A\0005\000\040\000P\000r\000o\000c\000e\000s\000s\000i\000n\000g\000\040\000D\000e\000t\000a\000i\000l\000s}{section.6}% 44
\BOOKMARK [2][-]{subsection.6.3}{\376\377\000N\000o\000\040\000S\000y\000n\000t\000h\000e\000t\000i\000c\000\040\000D\000a\000t\000a}{section.6}% 45
\BOOKMARK [1][-]{section.7}{\376\377\000P\000r\000o\000d\000u\000c\000t\000i\000o\000n\000\040\000D\000e\000p\000l\000o\000y\000m\000e\000n\000t\000\040\000R\000e\000c\000o\000m\000m\000e\000n\000d\000a\000t\000i\000o\000n\000s}{}% 46
\BOOKMARK [2][-]{subsection.7.1}{\376\377\000R\000e\000c\000o\000m\000m\000e\000n\000d\000e\000d\000\040\000M\000o\000d\000e\000l\000\040\000A\000r\000c\000h\000i\000t\000e\000c\000t\000u\000r\000e}{section.7}% 47
\BOOKMARK [2][-]{subsection.7.2}{\376\377\000A\000l\000t\000e\000r\000n\000a\000t\000i\000v\000e\000:\000\040\000D\000u\000a\000l\000-\000M\000o\000d\000e\000l\000\040\000D\000e\000p\000l\000o\000y\000m\000e\000n\000t}{section.7}% 48
\BOOKMARK [2][-]{subsection.7.3}{\376\377\000D\000e\000p\000l\000o\000y\000m\000e\000n\000t\000\040\000R\000e\000q\000u\000i\000r\000e\000m\000e\000n\000t\000s}{section.7}% 49
\BOOKMARK [2][-]{subsection.7.4}{\376\377\000P\000r\000o\000d\000u\000c\000t\000i\000o\000n\000\040\000V\000a\000l\000i\000d\000a\000t\000i\000o\000n\000\040\000P\000l\000a\000n}{section.7}% 50
\BOOKMARK [2][-]{subsection.7.5}{\376\377\000K\000n\000o\000w\000n\000\040\000L\000i\000m\000i\000t\000a\000t\000i\000o\000n\000s\000\040\000a\000n\000d\000\040\000M\000i\000t\000i\000g\000a\000t\000i\000o\000n\000s}{section.7}% 51
\BOOKMARK [1][-]{section.8}{\376\377\000F\000u\000t\000u\000r\000e\000\040\000W\000o\000r\000k}{}% 52
\BOOKMARK [2][-]{subsection.8.1}{\376\377\000H\000i\000g\000h\000\040\000P\000r\000i\000o\000r\000i\000t\000y\000\040\000\050\000S\000p\000r\000i\000n\000t\000\040\0006\000\040\000C\000a\000n\000d\000i\000d\000a\000t\000e\000s\000\051}{section.8}% 53
\BOOKMARK [2][-]{subsection.8.2}{\376\377\000M\000e\000d\000i\000u\000m\000\040\000P\000r\000i\000o\000r\000i\000t\000y\000\040\000\050\000R\000e\000s\000e\000a\000r\000c\000h\000\040\000E\000x\000t\000e\000n\000s\000i\000o\000n\000s\000\051}{section.8}% 54
\BOOKMARK [2][-]{subsection.8.3}{\376\377\000L\000o\000w\000\040\000P\000r\000i\000o\000r\000i\000t\000y\000\040\000\050\000E\000x\000p\000l\000o\000r\000a\000t\000o\000r\000y\000\040\000R\000e\000s\000e\000a\000r\000c\000h\000\051}{section.8}% 55
\BOOKMARK [1][-]{section.9}{\376\377\000C\000o\000n\000c\000l\000u\000s\000i\000o\000n\000s}{}% 56
\BOOKMARK [2][-]{subsection.9.1}{\376\377\000S\000u\000m\000m\000a\000r\000y\000\040\000o\000f\000\040\000A\000c\000h\000i\000e\000v\000e\000m\000e\000n\000t\000s}{section.9}% 57
\BOOKMARK [2][-]{subsection.9.2}{\376\377\000C\000r\000i\000t\000i\000c\000a\000l\000\040\000F\000i\000n\000d\000i\000n\000g\000s}{section.9}% 58
\BOOKMARK [2][-]{subsection.9.3}{\376\377\000P\000r\000o\000d\000u\000c\000t\000i\000o\000n\000\040\000R\000e\000c\000o\000m\000m\000e\000n\000d\000a\000t\000i\000o\000n}{section.9}% 59
\BOOKMARK [2][-]{subsection.9.4}{\376\377\000D\000e\000l\000i\000v\000e\000r\000a\000b\000l\000e\000s\000\040\000C\000o\000m\000p\000l\000e\000t\000e\000d}{section.9}% 60
\BOOKMARK [2][-]{subsection.9.5}{\376\377\000F\000i\000n\000a\000l\000\040\000R\000e\000m\000a\000r\000k\000s}{section.9}% 61
